2026-04-07T07:19:59.368+05:30  INFO 26228 --- [mutualfund-backend] [restartedMain] c.m.b.MutualFundBackendApplication       : Starting MutualFundBackendApplication using Java 21.0.9 with PID 26228 (E:\FullStack-Project-SDP-6-main\invest-mutual-funds-backend\mutual-fund-backend\target\classes started by SHANMUKHA GANESH in E:\FullStack-Project-SDP-6-main\invest-mutual-funds-backend\mutual-fund-backend)
2026-04-07T07:19:59.388+05:30 DEBUG 26228 --- [mutualfund-backend] [restartedMain] c.m.b.MutualFundBackendApplication       : Running with Spring Boot v3.2.5, Spring v6.1.6
2026-04-07T07:19:59.390+05:30  INFO 26228 --- [mutualfund-backend] [restartedMain] c.m.b.MutualFundBackendApplication       : No active profile set, falling back to 1 default profile: "default"
2026-04-07T07:19:59.491+05:30  INFO 26228 --- [mutualfund-backend] [restartedMain] .e.DevToolsPropertyDefaultsPostProcessor : Devtools property defaults active! Set 'spring.devtools.add-properties' to 'false' to disable
2026-04-07T07:19:59.491+05:30  INFO 26228 --- [mutualfund-backend] [restartedMain] .e.DevToolsPropertyDefaultsPostProcessor : For additional web related logging consider setting the 'logging.level.web' property to 'DEBUG'
2026-04-07T07:20:00.954+05:30  INFO 26228 --- [mutualfund-backend] [restartedMain] .s.d.r.c.RepositoryConfigurationDelegate : Bootstrapping Spring Data JPA repositories in DEFAULT mode.
2026-04-07T07:20:01.099+05:30  INFO 26228 --- [mutualfund-backend] [restartedMain] .s.d.r.c.RepositoryConfigurationDelegate : Finished Spring Data repository scanning in 120 ms. Found 6 JPA repository interfaces.
2026-04-07T07:20:02.361+05:30  INFO 26228 --- [mutualfund-backend] [restartedMain] o.s.b.w.embedded.tomcat.TomcatWebServer  : Tomcat initialized with port 8099 (http)
2026-04-07T07:20:02.386+05:30  INFO 26228 --- [mutualfund-backend] [restartedMain] o.apache.catalina.core.StandardService   : Starting service [Tomcat]
2026-04-07T07:20:02.388+05:30  INFO 26228 --- [mutualfund-backend] [restartedMain] o.apache.catalina.core.StandardEngine    : Starting Servlet engine: [Apache Tomcat/10.1.20]
2026-04-07T07:20:02.480+05:30  INFO 26228 --- [mutualfund-backend] [restartedMain] o.a.c.c.C.[Tomcat].[localhost].[/]       : Initializing Spring embedded WebApplicationContext
2026-04-07T07:20:02.480+05:30  INFO 26228 --- [mutualfund-backend] [restartedMain] w.s.c.ServletWebServerApplicationContext : Root WebApplicationContext: initialization completed in 2988 ms
2026-04-07T07:20:02.784+05:30  INFO 26228 --- [mutualfund-backend] [restartedMain] o.hibernate.jpa.internal.util.LogHelper  : HHH000204: Processing PersistenceUnitInfo [name: default]
2026-04-07T07:20:02.886+05:30  INFO 26228 --- [mutualfund-backend] [restartedMain] org.hibernate.Version                    : HHH000412: Hibernate ORM core version 6.4.4.Final
2026-04-07T07:20:02.940+05:30  INFO 26228 --- [mutualfund-backend] [restartedMain] o.h.c.internal.RegionFactoryInitiator    : HHH000026: Second-level cache disabled
2026-04-07T07:20:03.319+05:30  INFO 26228 --- [mutualfund-backend] [restartedMain] o.s.o.j.p.SpringPersistenceUnitInfo      : No LoadTimeWeaver setup: ignoring JPA class transformer
2026-04-07T07:20:03.386+05:30  INFO 26228 --- [mutualfund-backend] [restartedMain] com.zaxxer.hikari.HikariDataSource       : HikariPool-1 - Starting...
2026-04-07T07:20:03.936+05:30  INFO 26228 --- [mutualfund-backend] [restartedMain] com.zaxxer.hikari.pool.HikariPool        : HikariPool-1 - Added connection com.mysql.cj.jdbc.ConnectionImpl@72c63e4b
2026-04-07T07:20:03.939+05:30  INFO 26228 --- [mutualfund-backend] [restartedMain] com.zaxxer.hikari.HikariDataSource       : HikariPool-1 - Start completed.
2026-04-07T07:20:04.033+05:30  WARN 26228 --- [mutualfund-backend] [restartedMain] org.hibernate.orm.deprecation            : HHH90000025: MySQL8Dialect does not need to be specified explicitly using 'hibernate.dialect' (remove the property setting and it will be selected by default)
2026-04-07T07:20:04.035+05:30  WARN 26228 --- [mutualfund-backend] [restartedMain] org.hibernate.orm.deprecation            : HHH90000026: MySQL8Dialect has been deprecated; use org.hibernate.dialect.MySQLDialect instead
2026-04-07T07:20:05.549+05:30  INFO 26228 --- [mutualfund-backend] [restartedMain] o.h.e.t.j.p.i.JtaPlatformInitiator       : HHH000489: No JTA platform available (set 'hibernate.transaction.jta.platform' to enable JTA platform integration)
2026-04-07T07:20:05.726+05:30  INFO 26228 --- [mutualfund-backend] [restartedMain] j.LocalContainerEntityManagerFactoryBean : Initialized JPA EntityManagerFactory for persistence unit 'default'
2026-04-07T07:20:06.395+05:30 DEBUG 26228 --- [mutualfund-backend] [restartedMain] c.mutualfund.backend.security.JwtFilter  : Filter 'jwtFilter' configured for use
2026-04-07T07:20:06.469+05:30  INFO 26228 --- [mutualfund-backend] [restartedMain] o.s.d.j.r.query.QueryEnhancerFactory     : Hibernate is in classpath; If applicable, HQL parser will be used.
2026-04-07T07:20:07.856+05:30  WARN 26228 --- [mutualfund-backend] [restartedMain] JpaBaseConfiguration$JpaWebConfiguration : spring.jpa.open-in-view is enabled by default. Therefore, database queries may be performed during view rendering. Explicitly configure spring.jpa.open-in-view to disable this warning
2026-04-07T07:20:08.507+05:30  INFO 26228 --- [mutualfund-backend] [restartedMain] o.s.s.web.DefaultSecurityFilterChain     : Will secure any request with [org.springframework.security.web.session.DisableEncodeUrlFilter@35401c26, org.springframework.security.web.context.request.async.WebAsyncManagerIntegrationFilter@16cd16c1, org.springframework.security.web.context.SecurityContextHolderFilter@70542cde, org.springframework.security.web.header.HeaderWriterFilter@6876d681, org.springframework.web.filter.CorsFilter@421cc19e, org.springframework.security.web.authentication.logout.LogoutFilter@5f3cc1ac, com.mutualfund.backend.security.JwtFilter@6286a6c5, org.springframework.security.web.savedrequest.RequestCacheAwareFilter@6bb951ad, org.springframework.security.web.servletapi.SecurityContextHolderAwareRequestFilter@2121fc4c, org.springframework.security.web.authentication.AnonymousAuthenticationFilter@3f106489, org.springframework.security.web.session.SessionManagementFilter@75a78423, org.springframework.security.web.access.ExceptionTranslationFilter@24b817c7, org.springframework.security.web.access.intercept.AuthorizationFilter@8942c15]
2026-04-07T07:20:09.150+05:30  INFO 26228 --- [mutualfund-backend] [restartedMain] o.s.b.d.a.OptionalLiveReloadServer       : LiveReload server is running on port 35729
2026-04-07T07:20:09.219+05:30  INFO 26228 --- [mutualfund-backend] [restartedMain] o.s.b.w.embedded.tomcat.TomcatWebServer  : Tomcat started on port 8099 (http) with context path ''
2026-04-07T07:20:09.234+05:30  INFO 26228 --- [mutualfund-backend] [restartedMain] c.m.b.MutualFundBackendApplication       : Started MutualFundBackendApplication in 10.567 seconds (process running for 11.366)
2026-04-07T07:21:19.718+05:30  INFO 26228 --- [mutualfund-backend] [http-nio-8099-exec-1] o.a.c.c.C.[Tomcat].[localhost].[/]       : Initializing Spring DispatcherServlet 'dispatcherServlet'
2026-04-07T07:21:19.721+05:30  INFO 26228 --- [mutualfund-backend] [http-nio-8099-exec-1] o.s.web.servlet.DispatcherServlet        : Initializing Servlet 'dispatcherServlet'
2026-04-07T07:21:19.727+05:30  INFO 26228 --- [mutualfund-backend] [http-nio-8099-exec-1] o.s.web.servlet.DispatcherServlet        : Completed initialization in 4 ms
2026-04-07T07:21:20.174+05:30  INFO 26228 --- [mutualfund-backend] [http-nio-8099-exec-1] c.mutualfund.backend.aop.LoggingAspect   : Entering method: register
2026-04-07T07:21:20.529+05:30  INFO 26228 --- [mutualfund-backend] [http-nio-8099-exec-1] c.mutualfund.backend.aop.LoggingAspect   : Exiting method: register - took 353ms
2026-04-07T07:21:20.530+05:30  INFO 26228 --- [mutualfund-backend] [http-nio-8099-exec-1] c.mutualfund.backend.aop.LoggingAspect   : Entering method: sendWelcomeEmail
2026-04-07T07:21:25.919+05:30  INFO 26228 --- [mutualfund-backend] [http-nio-8099-exec-1] c.mutualfund.backend.aop.LoggingAspect   : Exiting method: sendWelcomeEmail - took 5388ms
2026-04-07T07:21:32.330+05:30  INFO 26228 --- [mutualfund-backend] [http-nio-8099-exec-3] c.mutualfund.backend.aop.LoggingAspect   : Entering method: getInvestmentsByUser
2026-04-07T07:21:32.354+05:30  INFO 26228 --- [mutualfund-backend] [http-nio-8099-exec-3] c.mutualfund.backend.aop.LoggingAspect   : Exiting method: getInvestmentsByUser - took 18ms
2026-04-07T07:22:13.274+05:30  INFO 26228 --- [mutualfund-backend] [http-nio-8099-exec-6] c.mutualfund.backend.aop.LoggingAspect   : Entering method: getAllFunds
2026-04-07T07:22:13.331+05:30  INFO 26228 --- [mutualfund-backend] [http-nio-8099-exec-6] c.mutualfund.backend.aop.LoggingAspect   : Exiting method: getAllFunds - took 56ms
2026-04-07T07:22:13.455+05:30  INFO 26228 --- [mutualfund-backend] [http-nio-8099-exec-7] c.mutualfund.backend.aop.LoggingAspect   : Entering method: getAllFunds
2026-04-07T07:22:13.501+05:30  INFO 26228 --- [mutualfund-backend] [http-nio-8099-exec-7] c.mutualfund.backend.aop.LoggingAspect   : Exiting method: getAllFunds - took 44ms
2026-04-07T07:22:15.144+05:30  INFO 26228 --- [mutualfund-backend] [http-nio-8099-exec-9] c.mutualfund.backend.aop.LoggingAspect   : Entering method: getFundById
2026-04-07T07:22:15.199+05:30  INFO 26228 --- [mutualfund-backend] [http-nio-8099-exec-9] c.mutualfund.backend.aop.LoggingAspect   : Exiting method: getFundById - took 54ms
2026-04-07T07:22:15.265+05:30  INFO 26228 --- [mutualfund-backend] [http-nio-8099-exec-10] c.mutualfund.backend.aop.LoggingAspect   : Entering method: getFundById
2026-04-07T07:22:15.699+05:30  INFO 26228 --- [mutualfund-backend] [http-nio-8099-exec-10] c.mutualfund.backend.aop.LoggingAspect   : Exiting method: getFundById - took 174ms
2026-04-07T07:22:27.667+05:30  INFO 26228 --- [mutualfund-backend] [http-nio-8099-exec-5] c.mutualfund.backend.aop.LoggingAspect   : Entering method: invest
2026-04-07T07:22:27.787+05:30  INFO 26228 --- [mutualfund-backend] [http-nio-8099-exec-5] c.mutualfund.backend.aop.LoggingAspect   : Exiting method: invest - took 119ms
2026-04-07T07:22:27.846+05:30  INFO 26228 --- [mutualfund-backend] [http-nio-8099-exec-8] c.mutualfund.backend.aop.LoggingAspect   : Entering method: getInvestmentsByUser
2026-04-07T07:22:27.884+05:30  INFO 26228 --- [mutualfund-backend] [http-nio-8099-exec-8] c.mutualfund.backend.aop.LoggingAspect   : Exiting method: getInvestmentsByUser - took 35ms
2026-04-07T07:23:04.670+05:30  INFO 26228 --- [mutualfund-backend] [http-nio-8099-exec-4] c.mutualfund.backend.aop.LoggingAspect   : Entering method: getInvestmentsByUser
2026-04-07T07:23:04.670+05:30  INFO 26228 --- [mutualfund-backend] [http-nio-8099-exec-1] c.mutualfund.backend.aop.LoggingAspect   : Entering method: getPublishedContent
2026-04-07T07:23:04.677+05:30  INFO 26228 --- [mutualfund-backend] [http-nio-8099-exec-4] c.mutualfund.backend.aop.LoggingAspect   : Exiting method: getInvestmentsByUser - took 7ms
2026-04-07T07:23:04.677+05:30  INFO 26228 --- [mutualfund-backend] [http-nio-8099-exec-1] c.mutualfund.backend.aop.LoggingAspect   : Exiting method: getPublishedContent - took 6ms
2026-04-07T07:23:04.694+05:30  INFO 26228 --- [mutualfund-backend] [http-nio-8099-exec-2] c.mutualfund.backend.aop.LoggingAspect   : Entering method: getInvestmentsByUser
2026-04-07T07:23:04.694+05:30  INFO 26228 --- [mutualfund-backend] [http-nio-8099-exec-3] c.mutualfund.backend.aop.LoggingAspect   : Entering method: getPublishedContent
2026-04-07T07:23:04.698+05:30  INFO 26228 --- [mutualfund-backend] [http-nio-8099-exec-3] c.mutualfund.backend.aop.LoggingAspect   : Exiting method: getPublishedContent - took 3ms
2026-04-07T07:23:04.702+05:30  INFO 26228 --- [mutualfund-backend] [http-nio-8099-exec-2] c.mutualfund.backend.aop.LoggingAspect   : Exiting method: getInvestmentsByUser - took 7ms
2026-04-07T07:23:20.922+05:30  INFO 26228 --- [mutualfund-backend] [SpringApplicationShutdownHook] j.LocalContainerEntityManagerFactoryBean : Closing JPA EntityManagerFactory for persistence unit 'default'
2026-04-07T07:23:20.927+05:30  INFO 26228 --- [mutualfund-backend] [SpringApplicationShutdownHook] com.zaxxer.hikari.HikariDataSource       : HikariPool-1 - Shutdown initiated...
2026-04-07T07:23:21.023+05:30  INFO 26228 --- [mutualfund-backend] [SpringApplicationShutdownHook] com.zaxxer.hikari.HikariDataSource       : HikariPool-1 - Shutdown completed.
2026-04-07T16:24:42.760+05:30  INFO 7600 --- [mutualfund-backend] [restartedMain] c.m.b.MutualFundBackendApplication       : Starting MutualFundBackendApplication using Java 21.0.9 with PID 7600 (E:\FullStack-Project-SDP-6-main\invest-mutual-funds-backend\mutual-fund-backend\target\classes started by SHANMUKHA GANESH in E:\FullStack-Project-SDP-6-main\invest-mutual-funds-backend\mutual-fund-backend)
2026-04-07T16:24:42.763+05:30 DEBUG 7600 --- [mutualfund-backend] [restartedMain] c.m.b.MutualFundBackendApplication       : Running with Spring Boot v3.2.5, Spring v6.1.6
2026-04-07T16:24:42.764+05:30  INFO 7600 --- [mutualfund-backend] [restartedMain] c.m.b.MutualFundBackendApplication       : No active profile set, falling back to 1 default profile: "default"
2026-04-07T16:24:42.843+05:30  INFO 7600 --- [mutualfund-backend] [restartedMain] .e.DevToolsPropertyDefaultsPostProcessor : Devtools property defaults active! Set 'spring.devtools.add-properties' to 'false' to disable
2026-04-07T16:24:42.843+05:30  INFO 7600 --- [mutualfund-backend] [restartedMain] .e.DevToolsPropertyDefaultsPostProcessor : For additional web related logging consider setting the 'logging.level.web' property to 'DEBUG'
2026-04-07T16:24:44.198+05:30  INFO 7600 --- [mutualfund-backend] [restartedMain] .s.d.r.c.RepositoryConfigurationDelegate : Bootstrapping Spring Data JPA repositories in DEFAULT mode.
2026-04-07T16:24:44.363+05:30  INFO 7600 --- [mutualfund-backend] [restartedMain] .s.d.r.c.RepositoryConfigurationDelegate : Finished Spring Data repository scanning in 146 ms. Found 6 JPA repository interfaces.
2026-04-07T16:24:45.843+05:30  INFO 7600 --- [mutualfund-backend] [restartedMain] o.s.b.w.embedded.tomcat.TomcatWebServer  : Tomcat initialized with port 8099 (http)
2026-04-07T16:24:45.865+05:30  INFO 7600 --- [mutualfund-backend] [restartedMain] o.apache.catalina.core.StandardService   : Starting service [Tomcat]
2026-04-07T16:24:45.866+05:30  INFO 7600 --- [mutualfund-backend] [restartedMain] o.apache.catalina.core.StandardEngine    : Starting Servlet engine: [Apache Tomcat/10.1.20]
2026-04-07T16:24:45.983+05:30  INFO 7600 --- [mutualfund-backend] [restartedMain] o.a.c.c.C.[Tomcat].[localhost].[/]       : Initializing Spring embedded WebApplicationContext
2026-04-07T16:24:45.984+05:30  INFO 7600 --- [mutualfund-backend] [restartedMain] w.s.c.ServletWebServerApplicationContext : Root WebApplicationContext: initialization completed in 3138 ms
2026-04-07T16:24:46.289+05:30  INFO 7600 --- [mutualfund-backend] [restartedMain] o.hibernate.jpa.internal.util.LogHelper  : HHH000204: Processing PersistenceUnitInfo [name: default]
2026-04-07T16:24:46.358+05:30  INFO 7600 --- [mutualfund-backend] [restartedMain] org.hibernate.Version                    : HHH000412: Hibernate ORM core version 6.4.4.Final
2026-04-07T16:24:46.420+05:30  INFO 7600 --- [mutualfund-backend] [restartedMain] o.h.c.internal.RegionFactoryInitiator    : HHH000026: Second-level cache disabled
2026-04-07T16:24:46.801+05:30  INFO 7600 --- [mutualfund-backend] [restartedMain] o.s.o.j.p.SpringPersistenceUnitInfo      : No LoadTimeWeaver setup: ignoring JPA class transformer
2026-04-07T16:24:46.859+05:30  INFO 7600 --- [mutualfund-backend] [restartedMain] com.zaxxer.hikari.HikariDataSource       : HikariPool-1 - Starting...
2026-04-07T16:24:47.570+05:30  INFO 7600 --- [mutualfund-backend] [restartedMain] com.zaxxer.hikari.pool.HikariPool        : HikariPool-1 - Added connection com.mysql.cj.jdbc.ConnectionImpl@212965fb
2026-04-07T16:24:47.573+05:30  INFO 7600 --- [mutualfund-backend] [restartedMain] com.zaxxer.hikari.HikariDataSource       : HikariPool-1 - Start completed.
2026-04-07T16:24:47.671+05:30  WARN 7600 --- [mutualfund-backend] [restartedMain] org.hibernate.orm.deprecation            : HHH90000025: MySQL8Dialect does not need to be specified explicitly using 'hibernate.dialect' (remove the property setting and it will be selected by default)
2026-04-07T16:24:47.673+05:30  WARN 7600 --- [mutualfund-backend] [restartedMain] org.hibernate.orm.deprecation            : HHH90000026: MySQL8Dialect has been deprecated; use org.hibernate.dialect.MySQLDialect instead
2026-04-07T16:24:49.103+05:30  INFO 7600 --- [mutualfund-backend] [restartedMain] o.h.e.t.j.p.i.JtaPlatformInitiator       : HHH000489: No JTA platform available (set 'hibernate.transaction.jta.platform' to enable JTA platform integration)
2026-04-07T16:24:49.287+05:30  INFO 7600 --- [mutualfund-backend] [restartedMain] j.LocalContainerEntityManagerFactoryBean : Initialized JPA EntityManagerFactory for persistence unit 'default'
2026-04-07T16:24:49.866+05:30 DEBUG 7600 --- [mutualfund-backend] [restartedMain] c.mutualfund.backend.security.JwtFilter  : Filter 'jwtFilter' configured for use
2026-04-07T16:24:49.935+05:30  INFO 7600 --- [mutualfund-backend] [restartedMain] o.s.d.j.r.query.QueryEnhancerFactory     : Hibernate is in classpath; If applicable, HQL parser will be used.
2026-04-07T16:24:51.231+05:30  WARN 7600 --- [mutualfund-backend] [restartedMain] JpaBaseConfiguration$JpaWebConfiguration : spring.jpa.open-in-view is enabled by default. Therefore, database queries may be performed during view rendering. Explicitly configure spring.jpa.open-in-view to disable this warning
2026-04-07T16:24:51.814+05:30  INFO 7600 --- [mutualfund-backend] [restartedMain] o.s.s.web.DefaultSecurityFilterChain     : Will secure any request with [org.springframework.security.web.session.DisableEncodeUrlFilter@7d11af90, org.springframework.security.web.context.request.async.WebAsyncManagerIntegrationFilter@5955be97, org.springframework.security.web.context.SecurityContextHolderFilter@6c421eaf, org.springframework.security.web.header.HeaderWriterFilter@2f64d0f0, org.springframework.web.filter.CorsFilter@6d528e42, org.springframework.security.web.authentication.logout.LogoutFilter@2a346fd7, com.mutualfund.backend.security.JwtFilter@32fcc3cb, org.springframework.security.web.savedrequest.RequestCacheAwareFilter@6bf34d8b, org.springframework.security.web.servletapi.SecurityContextHolderAwareRequestFilter@5ef77696, org.springframework.security.web.authentication.AnonymousAuthenticationFilter@3b8d5aa, org.springframework.security.web.session.SessionManagementFilter@19a9ef16, org.springframework.security.web.access.ExceptionTranslationFilter@6c7f84c2, org.springframework.security.web.access.intercept.AuthorizationFilter@308d5740]
2026-04-07T16:24:52.559+05:30  INFO 7600 --- [mutualfund-backend] [restartedMain] o.s.b.d.a.OptionalLiveReloadServer       : LiveReload server is running on port 35729
2026-04-07T16:24:52.655+05:30  INFO 7600 --- [mutualfund-backend] [restartedMain] o.s.b.w.embedded.tomcat.TomcatWebServer  : Tomcat started on port 8099 (http) with context path ''
2026-04-07T16:24:52.679+05:30  INFO 7600 --- [mutualfund-backend] [restartedMain] c.m.b.MutualFundBackendApplication       : Started MutualFundBackendApplication in 10.499 seconds (process running for 11.957)
2026-04-07T16:26:07.494+05:30  INFO 7600 --- [mutualfund-backend] [RMI TCP Connection(10)-127.0.0.1] inMXBeanRegistrar$SpringApplicationAdmin : Application shutdown requested.
2026-04-07T16:26:07.515+05:30  INFO 7600 --- [mutualfund-backend] [RMI TCP Connection(10)-127.0.0.1] j.LocalContainerEntityManagerFactoryBean : Closing JPA EntityManagerFactory for persistence unit 'default'
2026-04-07T16:26:07.522+05:30  INFO 7600 --- [mutualfund-backend] [RMI TCP Connection(10)-127.0.0.1] com.zaxxer.hikari.HikariDataSource       : HikariPool-1 - Shutdown initiated...
2026-04-07T16:26:07.535+05:30  INFO 7600 --- [mutualfund-backend] [RMI TCP Connection(10)-127.0.0.1] com.zaxxer.hikari.HikariDataSource       : HikariPool-1 - Shutdown completed.
